Failure # 1 (occurred at 2025-01-28_18-44-17)
The actor died because of an error raised in its creation task, [36mray::PPO.__init__()[39m (pid=55934, ip=127.0.0.1, actor_id=5ce74330fe8e9df095f4c61e01000000, repr=PPO)
  File "/Users/leesg17/miniconda3/envs/pettingzoo/lib/python3.9/site-packages/ray/rllib/evaluation/worker_set.py", line 227, in _setup
    self.add_workers(
  File "/Users/leesg17/miniconda3/envs/pettingzoo/lib/python3.9/site-packages/ray/rllib/evaluation/worker_set.py", line 593, in add_workers
    raise result.get()
  File "/Users/leesg17/miniconda3/envs/pettingzoo/lib/python3.9/site-packages/ray/rllib/utils/actor_manager.py", line 481, in __fetch_result
    result = ray.get(r)
ray.exceptions.RayActorError: The actor died because of an error raised in its creation task, [36mray::RolloutWorker.__init__()[39m (pid=55936, ip=127.0.0.1, actor_id=51a7e71f8fc8cebe330d22cb01000000, repr=<ray.rllib.evaluation.rollout_worker.RolloutWorker object at 0x1461d90d0>)
  File "/Users/leesg17/miniconda3/envs/pettingzoo/lib/python3.9/site-packages/ray/rllib/evaluation/rollout_worker.py", line 397, in __init__
    self.env = env_creator(copy.deepcopy(self.env_context))
  File "/Users/leesg17/Github/marl-training/pistonball/training.py", line 33, in env_creator
    env = ss.concat_vec_envs_v1(env, 8, num_cpus=4, base_class='gym')
  File "/Users/leesg17/miniconda3/envs/pettingzoo/lib/python3.9/site-packages/supersuit/vector/vector_constructors.py", line 77, in concat_vec_envs_v1
    raise ValueError(
ValueError: supersuit_vec_env only supports 'gymnasium', 'stable_baselines', and 'stable_baselines3' for its base_class

During handling of the above exception, another exception occurred:

[36mray::PPO.__init__()[39m (pid=55934, ip=127.0.0.1, actor_id=5ce74330fe8e9df095f4c61e01000000, repr=PPO)
  File "/Users/leesg17/miniconda3/envs/pettingzoo/lib/python3.9/site-packages/ray/rllib/algorithms/algorithm.py", line 517, in __init__
    super().__init__(
  File "/Users/leesg17/miniconda3/envs/pettingzoo/lib/python3.9/site-packages/ray/tune/trainable/trainable.py", line 185, in __init__
    self.setup(copy.deepcopy(self.config))
  File "/Users/leesg17/miniconda3/envs/pettingzoo/lib/python3.9/site-packages/ray/rllib/algorithms/algorithm.py", line 639, in setup
    self.workers = WorkerSet(
  File "/Users/leesg17/miniconda3/envs/pettingzoo/lib/python3.9/site-packages/ray/rllib/evaluation/worker_set.py", line 179, in __init__
    raise e.args[0].args[2]
ValueError: supersuit_vec_env only supports 'gymnasium', 'stable_baselines', and 'stable_baselines3' for its base_class
